2018-09-07 10:09:16 start to sync now
2018-09-07 10:09:16 will try to sync 85 files to server
2018-09-07 10:09:16: /Users/liuzhy/Documents/GitHub/liuzhy.github.io/license.md update
2018-09-07 10:09:16: /Users/liuzhy/Documents/GitHub/liuzhy.github.io/favicon.ico update
2018-09-07 10:09:16: /Users/liuzhy/Documents/GitHub/liuzhy.github.io/index.html update
2018-09-07 10:09:16: /Users/liuzhy/Documents/GitHub/liuzhy.github.io/CNAME update
2018-09-07 10:09:16: /Users/liuzhy/Documents/GitHub/liuzhy.github.io/404.html update
2018-09-07 10:09:16: /Users/liuzhy/Documents/GitHub/liuzhy.github.io/README.md update
2018-09-07 10:09:16: /Users/liuzhy/Documents/GitHub/liuzhy.github.io/atom.xml update
2018-09-07 10:09:16: /Users/liuzhy/Documents/GitHub/liuzhy.github.io/_config.yml update
2018-09-07 10:09:16: /Users/liuzhy/Documents/GitHub/liuzhy.github.io/404.md update
2018-09-07 10:09:16: /Users/liuzhy/Documents/GitHub/liuzhy.github.io/about.md update
2018-09-07 10:09:16: /Users/liuzhy/Documents/GitHub/liuzhy.github.io/_includes update
2018-09-07 10:09:16: /Users/liuzhy/Documents/GitHub/liuzhy.github.io/css update
2018-09-07 10:09:16: /Users/liuzhy/Documents/GitHub/liuzhy.github.io/images update
2018-09-07 10:09:16: /Users/liuzhy/Documents/GitHub/liuzhy.github.io/_posts update
2018-09-07 10:09:16: /Users/liuzhy/Documents/GitHub/liuzhy.github.io/js update
2018-09-07 10:09:16: /Users/liuzhy/Documents/GitHub/liuzhy.github.io/_layouts update
2018-09-07 10:09:16: /Users/liuzhy/Documents/GitHub/liuzhy.github.io/img update
2018-09-07 10:09:16: /Users/liuzhy/Documents/GitHub/liuzhy.github.io/_site update
2018-09-07 10:09:16: /Users/liuzhy/Documents/GitHub/liuzhy.github.io/configs update
2018-09-07 10:09:16: /Users/liuzhy/Documents/GitHub/liuzhy.github.io/_sass update
2018-09-07 10:09:16: /Users/liuzhy/Documents/GitHub/liuzhy.github.io/_includes/nav-footer-custom.html update
2018-09-07 10:09:16: /Users/liuzhy/Documents/GitHub/liuzhy.github.io/_includes/link.html update
2018-09-07 10:09:16: /Users/liuzhy/Documents/GitHub/liuzhy.github.io/_includes/menu.html update
2018-09-07 10:09:16: /Users/liuzhy/Documents/GitHub/liuzhy.github.io/_includes/header-custom.html update
2018-09-07 10:09:16: /Users/liuzhy/Documents/GitHub/liuzhy.github.io/_includes/head.html update
2018-09-07 10:09:16: /Users/liuzhy/Documents/GitHub/liuzhy.github.io/_includes/footer.html update
2018-09-07 10:09:16: /Users/liuzhy/Documents/GitHub/liuzhy.github.io/_includes/script.html update
2018-09-07 10:09:16: /Users/liuzhy/Documents/GitHub/liuzhy.github.io/_includes/header.html update
2018-09-07 10:09:16: /Users/liuzhy/Documents/GitHub/liuzhy.github.io/_includes/nav-footer.html update
2018-09-07 10:09:16: /Users/liuzhy/Documents/GitHub/liuzhy.github.io/css/main.scss update
2018-09-07 10:09:16: /Users/liuzhy/Documents/GitHub/liuzhy.github.io/images/index.html update
2018-09-07 10:09:16: /Users/liuzhy/Documents/GitHub/liuzhy.github.io/_posts/2017-09-07-btc-and-lixiaolai.md update
2018-09-07 10:09:16: /Users/liuzhy/Documents/GitHub/liuzhy.github.io/_posts/2017-01-11-what-is-ai.md update
2018-09-07 10:09:16: /Users/liuzhy/Documents/GitHub/liuzhy.github.io/_posts/如何让聊天更有意义.md update
2018-09-07 10:09:16: /Users/liuzhy/Documents/GitHub/liuzhy.github.io/_posts/2017-02-16-chat-with-brain.md update
2018-09-07 10:09:16: /Users/liuzhy/Documents/GitHub/liuzhy.github.io/_posts/2017-01-11-sound-to-digital.md update
2018-09-07 10:09:16: /Users/liuzhy/Documents/GitHub/liuzhy.github.io/_posts/2017-01-11-do-not-teach.md update
2018-09-07 10:09:16: /Users/liuzhy/Documents/GitHub/liuzhy.github.io/_posts/2017-02-17-chat-with-child.md update
2018-09-07 10:09:16: /Users/liuzhy/Documents/GitHub/liuzhy.github.io/_posts/2017-01-16-shenzhouyiqiao-chanpin-kunju.md update
2018-09-07 10:09:16: /Users/liuzhy/Documents/GitHub/liuzhy.github.io/_posts/2018-09-03-how-to-management-by-it-tools.md update
2018-09-07 10:09:16: /Users/liuzhy/Documents/GitHub/liuzhy.github.io/_posts/2017-01-11-charater-to-digital.md update
2018-09-07 10:09:16: /Users/liuzhy/Documents/GitHub/liuzhy.github.io/js/main.js update
2018-09-07 10:09:16: /Users/liuzhy/Documents/GitHub/liuzhy.github.io/_layouts/post.html update
2018-09-07 10:09:16: /Users/liuzhy/Documents/GitHub/liuzhy.github.io/_layouts/page.html update
2018-09-07 10:09:16: /Users/liuzhy/Documents/GitHub/liuzhy.github.io/_layouts/default.html update
2018-09-07 10:09:16: /Users/liuzhy/Documents/GitHub/liuzhy.github.io/img/favicon.png update
2018-09-07 10:09:16: /Users/liuzhy/Documents/GitHub/liuzhy.github.io/_site/test-post-6.html update
2018-09-07 10:09:16: /Users/liuzhy/Documents/GitHub/liuzhy.github.io/_site/license.md update
2018-09-07 10:09:16: /Users/liuzhy/Documents/GitHub/liuzhy.github.io/_site/typography-example.html update
2018-09-07 10:09:16: /Users/liuzhy/Documents/GitHub/liuzhy.github.io/_site/index.html update
2018-09-07 10:09:16: /Users/liuzhy/Documents/GitHub/liuzhy.github.io/_site/about.html update
2018-09-07 10:09:16: /Users/liuzhy/Documents/GitHub/liuzhy.github.io/_site/code-example.html update
2018-09-07 10:09:16: /Users/liuzhy/Documents/GitHub/liuzhy.github.io/_site/test-post-7.html update
2018-09-07 10:09:16: /Users/liuzhy/Documents/GitHub/liuzhy.github.io/_site/404.html update
2018-09-07 10:09:16: /Users/liuzhy/Documents/GitHub/liuzhy.github.io/_site/test-post-1.html update
2018-09-07 10:09:16: /Users/liuzhy/Documents/GitHub/liuzhy.github.io/_site/README.md update
2018-09-07 10:09:16: /Users/liuzhy/Documents/GitHub/liuzhy.github.io/_site/thereviewindex-introduction.html update
2018-09-07 10:09:16: /Users/liuzhy/Documents/GitHub/liuzhy.github.io/_site/atom.xml update
2018-09-07 10:09:16: /Users/liuzhy/Documents/GitHub/liuzhy.github.io/_site/test-post-2.html update
2018-09-07 10:09:16: /Users/liuzhy/Documents/GitHub/liuzhy.github.io/_site/test-post-3.html update
2018-09-07 10:09:16: /Users/liuzhy/Documents/GitHub/liuzhy.github.io/_site/sitemap.xml update
2018-09-07 10:09:16: /Users/liuzhy/Documents/GitHub/liuzhy.github.io/_site/test-post-4.html update
2018-09-07 10:09:16: /Users/liuzhy/Documents/GitHub/liuzhy.github.io/_site/robots.txt update
2018-09-07 10:09:16: /Users/liuzhy/Documents/GitHub/liuzhy.github.io/_site/hello-world.html update
2018-09-07 10:09:16: /Users/liuzhy/Documents/GitHub/liuzhy.github.io/_site/test-post-8.html update
2018-09-07 10:09:16: /Users/liuzhy/Documents/GitHub/liuzhy.github.io/_site/test-post-5.html update
2018-09-07 10:09:16: /Users/liuzhy/Documents/GitHub/liuzhy.github.io/_site/css update
2018-09-07 10:09:16: /Users/liuzhy/Documents/GitHub/liuzhy.github.io/_site/js update
2018-09-07 10:09:16: /Users/liuzhy/Documents/GitHub/liuzhy.github.io/_site/page2 update
2018-09-07 10:09:16: /Users/liuzhy/Documents/GitHub/liuzhy.github.io/_site/img update
2018-09-07 10:09:16: /Users/liuzhy/Documents/GitHub/liuzhy.github.io/_site/css/main.css update
2018-09-07 10:09:16: /Users/liuzhy/Documents/GitHub/liuzhy.github.io/_site/js/main.js update
2018-09-07 10:09:16: /Users/liuzhy/Documents/GitHub/liuzhy.github.io/_site/page2/index.html update
2018-09-07 10:09:16: /Users/liuzhy/Documents/GitHub/liuzhy.github.io/_site/img/monochrome01.png update
2018-09-07 10:09:16: /Users/liuzhy/Documents/GitHub/liuzhy.github.io/_site/img/monochrome-mobile.png update
2018-09-07 10:09:16: /Users/liuzhy/Documents/GitHub/liuzhy.github.io/_site/img/img-test.png update
2018-09-07 10:09:16: /Users/liuzhy/Documents/GitHub/liuzhy.github.io/_site/img/favicon.png update
2018-09-07 10:09:16: /Users/liuzhy/Documents/GitHub/liuzhy.github.io/_site/img/monochrome.svg update
2018-09-07 10:09:16: /Users/liuzhy/Documents/GitHub/liuzhy.github.io/configs/sorts.json update
2018-09-07 10:09:16: /Users/liuzhy/Documents/GitHub/liuzhy.github.io/_sass/base.scss update
2018-09-07 10:09:16: /Users/liuzhy/Documents/GitHub/liuzhy.github.io/_sass/syntax.scss update
2018-09-07 10:09:16: /Users/liuzhy/Documents/GitHub/liuzhy.github.io/_sass/mixin.scss update
2018-09-07 10:09:16: /Users/liuzhy/Documents/GitHub/liuzhy.github.io/_sass/layout.scss update
2018-09-07 10:09:16: /Users/liuzhy/Documents/GitHub/liuzhy.github.io/_sass/custom.scss update
2018-09-07 10:09:16: /Users/liuzhy/Documents/GitHub/liuzhy.github.io/_sass/typography.scss update
